2025-08-15 10:21:56,347 - INFO - Starting enhanced data cleaning process
2025-08-15 10:21:56,347 - INFO - Loading data files...
2025-08-15 10:21:56,531 - INFO - Loaded 45486 rows from movies_main.csv
2025-08-15 10:21:56,531 - INFO - Loaded 45466 rows from movie_extended.csv
2025-08-15 10:21:56,531 - INFO - Loaded 9066 entries from ratings.json
2025-08-15 10:21:56,531 - INFO - Processing movies_main.csv
2025-08-15 10:21:56,539 - INFO - Removed 50 duplicate rows based on ['id']
2025-08-15 10:21:56,545 - INFO - Filling 38285 missing values in column 'budget'
2025-08-15 10:21:57,421 - INFO - Successfully fetched data for movie ID: 15602
2025-08-15 10:21:57,623 - INFO - Successfully fetched data for movie ID: 31357
2025-08-15 10:21:58,132 - INFO - Successfully fetched data for movie ID: 11862
2025-08-15 10:21:58,572 - INFO - Successfully fetched data for movie ID: 45325
2025-08-15 10:21:59,012 - INFO - Successfully fetched data for movie ID: 710
2025-08-15 10:21:59,212 - INFO - Successfully fetched data for movie ID: 12110
2025-08-15 10:21:59,413 - INFO - Successfully fetched data for movie ID: 21032
2025-08-15 10:21:59,618 - INFO - Successfully fetched data for movie ID: 524
2025-08-15 10:21:59,821 - INFO - Successfully fetched data for movie ID: 1710
2025-08-15 10:22:00,041 - INFO - Successfully fetched data for movie ID: 9691
2025-08-15 10:22:00,243 - INFO - Successfully fetched data for movie ID: 12665
2025-08-15 10:22:00,462 - INFO - Successfully fetched data for movie ID: 16420
2025-08-15 10:22:00,663 - INFO - Successfully fetched data for movie ID: 9263
2025-08-15 10:22:00,864 - INFO - Successfully fetched data for movie ID: 17015
2025-08-15 10:22:01,133 - INFO - Successfully fetched data for movie ID: 37557
2025-08-15 10:22:01,333 - INFO - Successfully fetched data for movie ID: 9909
2025-08-15 10:22:01,773 - INFO - Successfully fetched data for movie ID: 63
2025-08-15 10:22:02,222 - INFO - Successfully fetched data for movie ID: 78802
2025-08-15 10:22:02,423 - INFO - Successfully fetched data for movie ID: 47018
2025-08-15 10:22:02,624 - INFO - Successfully fetched data for movie ID: 687
2025-08-15 10:22:02,828 - INFO - Successfully fetched data for movie ID: 139405
2025-08-15 10:22:03,272 - INFO - Successfully fetched data for movie ID: 33689
2025-08-15 10:22:03,782 - INFO - Successfully fetched data for movie ID: 9603
2025-08-15 10:22:04,232 - INFO - Successfully fetched data for movie ID: 34615
2025-08-15 10:22:04,433 - INFO - Successfully fetched data for movie ID: 31174
2025-08-15 10:22:04,632 - INFO - Successfully fetched data for movie ID: 35196
2025-08-15 10:22:04,834 - INFO - Successfully fetched data for movie ID: 8391
2025-08-15 10:22:05,035 - INFO - Successfully fetched data for movie ID: 117164
2025-08-15 10:22:05,473 - INFO - Successfully fetched data for movie ID: 49133
2025-08-15 10:22:05,675 - INFO - Successfully fetched data for movie ID: 26441
2025-08-15 10:22:05,877 - INFO - Successfully fetched data for movie ID: 97406
2025-08-15 10:22:06,078 - INFO - Successfully fetched data for movie ID: 124057
2025-08-15 10:22:06,278 - INFO - Successfully fetched data for movie ID: 9089
2025-08-15 10:22:06,481 - INFO - Successfully fetched data for movie ID: 11010
2025-08-15 10:22:06,679 - INFO - Successfully fetched data for movie ID: 99040
2025-08-15 10:22:06,881 - INFO - Successfully fetched data for movie ID: 2054
2025-08-15 10:22:07,102 - INFO - Successfully fetched data for movie ID: 10607
2025-08-15 10:22:07,327 - INFO - Successfully fetched data for movie ID: 19760
2025-08-15 10:22:07,528 - INFO - Successfully fetched data for movie ID: 11525
2025-08-15 10:22:07,728 - INFO - Successfully fetched data for movie ID: 40628
2025-08-15 10:22:08,172 - INFO - Successfully fetched data for movie ID: 4482
2025-08-15 10:22:08,391 - INFO - Successfully fetched data for movie ID: 28387
2025-08-15 10:22:08,609 - INFO - Successfully fetched data for movie ID: 48750
2025-08-15 10:22:08,813 - INFO - Successfully fetched data for movie ID: 20927
2025-08-15 10:22:09,017 - INFO - Successfully fetched data for movie ID: 36929
2025-08-15 10:22:09,217 - INFO - Successfully fetched data for movie ID: 124626
2025-08-15 10:22:09,417 - INFO - Successfully fetched data for movie ID: 27526
2025-08-15 10:22:09,863 - INFO - Successfully fetched data for movie ID: 46785
2025-08-15 10:22:10,063 - INFO - Successfully fetched data for movie ID: 146599
2025-08-15 10:22:10,263 - INFO - Successfully fetched data for movie ID: 188588
2025-08-15 10:22:10,464 - INFO - Successfully fetched data for movie ID: 8447
2025-08-15 10:22:10,665 - INFO - Successfully fetched data for movie ID: 13997
2025-08-15 10:22:10,866 - INFO - Successfully fetched data for movie ID: 61548
2025-08-15 10:22:11,089 - INFO - Successfully fetched data for movie ID: 12158
2025-08-15 10:22:11,533 - INFO - Successfully fetched data for movie ID: 9283
2025-08-15 10:22:11,735 - INFO - Successfully fetched data for movie ID: 40154
2025-08-15 10:22:12,174 - INFO - Successfully fetched data for movie ID: 406
2025-08-15 10:22:12,613 - INFO - Successfully fetched data for movie ID: 45549
2025-08-15 10:22:12,816 - INFO - Successfully fetched data for movie ID: 63076
2025-08-15 10:22:13,017 - INFO - Successfully fetched data for movie ID: 11062
2025-08-15 10:22:13,219 - INFO - Successfully fetched data for movie ID: 13685
2025-08-15 10:22:13,420 - INFO - Successfully fetched data for movie ID: 47475
2025-08-15 10:22:13,691 - INFO - Successfully fetched data for movie ID: 11907
2025-08-15 10:22:14,133 - INFO - Successfully fetched data for movie ID: 10874
2025-08-15 10:22:14,335 - INFO - Successfully fetched data for movie ID: 89333
2025-08-15 10:22:14,535 - INFO - Successfully fetched data for movie ID: 96357
2025-08-15 10:22:14,984 - INFO - Successfully fetched data for movie ID: 33542
2025-08-15 10:22:15,186 - INFO - Successfully fetched data for movie ID: 71754
2025-08-15 10:22:15,388 - INFO - Successfully fetched data for movie ID: 51352
2025-08-15 10:22:15,834 - INFO - Successfully fetched data for movie ID: 16934
2025-08-15 10:22:16,034 - INFO - Successfully fetched data for movie ID: 10324
2025-08-15 10:22:16,235 - INFO - Successfully fetched data for movie ID: 55731
2025-08-15 10:22:16,437 - INFO - Successfully fetched data for movie ID: 32119
2025-08-15 10:22:16,638 - INFO - Successfully fetched data for movie ID: 11104
2025-08-15 10:22:16,847 - INFO - Successfully fetched data for movie ID: 37975
2025-08-15 10:22:17,049 - INFO - Successfully fetched data for movie ID: 44284
2025-08-15 10:22:17,251 - INFO - Successfully fetched data for movie ID: 290157
2025-08-15 10:22:17,452 - INFO - Successfully fetched data for movie ID: 110972
2025-08-15 10:22:17,654 - INFO - Successfully fetched data for movie ID: 32622
2025-08-15 10:22:17,854 - INFO - Successfully fetched data for movie ID: 73067
2025-08-15 10:22:18,054 - INFO - Successfully fetched data for movie ID: 55475
2025-08-15 10:22:18,254 - INFO - Successfully fetched data for movie ID: 124636
2025-08-15 10:22:18,694 - INFO - Successfully fetched data for movie ID: 9101
2025-08-15 10:22:18,894 - INFO - Successfully fetched data for movie ID: 123360
2025-08-15 10:22:19,094 - INFO - Successfully fetched data for movie ID: 5757
2025-08-15 10:22:19,314 - INFO - Successfully fetched data for movie ID: 39428
2025-08-15 10:22:19,515 - INFO - Successfully fetched data for movie ID: 124639
2025-08-15 10:22:19,740 - INFO - Successfully fetched data for movie ID: 249882
2025-08-15 10:22:19,938 - INFO - Successfully fetched data for movie ID: 16388
2025-08-15 10:22:20,141 - INFO - Successfully fetched data for movie ID: 30765
2025-08-15 10:22:20,342 - INFO - Successfully fetched data for movie ID: 10474
2025-08-15 10:22:20,542 - INFO - Successfully fetched data for movie ID: 30157
2025-08-15 10:22:20,742 - INFO - Successfully fetched data for movie ID: 34996
2025-08-15 10:22:20,943 - INFO - Successfully fetched data for movie ID: 649
2025-08-15 10:22:21,144 - INFO - Successfully fetched data for movie ID: 1873
2025-08-15 10:22:21,346 - INFO - Successfully fetched data for movie ID: 5894
2025-08-15 10:22:21,794 - INFO - Successfully fetched data for movie ID: 1775
2025-08-15 10:22:21,998 - INFO - Successfully fetched data for movie ID: 8963
2025-08-15 10:22:22,444 - INFO - Successfully fetched data for movie ID: 26564
2025-08-15 10:22:22,644 - INFO - Successfully fetched data for movie ID: 8068
2025-08-15 10:22:23,104 - INFO - Successfully fetched data for movie ID: 1572
2025-08-15 10:22:23,305 - INFO - Successfully fetched data for movie ID: 13552
2025-08-15 10:22:23,505 - INFO - Successfully fetched data for movie ID: 259209
2025-08-15 10:22:23,706 - INFO - Successfully fetched data for movie ID: 9073
2025-08-15 10:22:24,144 - INFO - Successfully fetched data for movie ID: 17447
2025-08-15 10:22:24,665 - INFO - Successfully fetched data for movie ID: 9886
2025-08-15 10:22:24,866 - INFO - Successfully fetched data for movie ID: 19326
2025-08-15 10:22:25,068 - INFO - Successfully fetched data for movie ID: 8973
2025-08-15 10:22:25,268 - INFO - Successfully fetched data for movie ID: 15730
2025-08-15 10:22:25,715 - INFO - Successfully fetched data for movie ID: 47608
2025-08-15 10:22:26,235 - INFO - Successfully fetched data for movie ID: 68274
2025-08-15 10:22:26,436 - INFO - Successfully fetched data for movie ID: 34574
2025-08-15 10:22:26,885 - INFO - Successfully fetched data for movie ID: 11472
2025-08-15 10:22:27,086 - INFO - Successfully fetched data for movie ID: 36196
2025-08-15 10:22:27,286 - INFO - Successfully fetched data for movie ID: 58372
2025-08-15 10:22:27,725 - INFO - Successfully fetched data for movie ID: 32646
2025-08-15 10:22:27,926 - INFO - Successfully fetched data for movie ID: 56088
2025-08-15 10:22:28,127 - INFO - Successfully fetched data for movie ID: 18402
2025-08-15 10:22:28,328 - INFO - Successfully fetched data for movie ID: 139408
2025-08-15 10:22:29,175 - INFO - Successfully fetched data for movie ID: 5967
2025-08-15 10:22:29,376 - INFO - Successfully fetched data for movie ID: 47939
2025-08-15 10:22:29,576 - INFO - Successfully fetched data for movie ID: 36834
2025-08-15 10:22:29,776 - INFO - Successfully fetched data for movie ID: 9090
2025-08-15 10:22:29,978 - INFO - Successfully fetched data for movie ID: 52856
2025-08-15 10:22:31,645 - INFO - Successfully fetched data for movie ID: 77350
2025-08-15 10:22:31,846 - INFO - Successfully fetched data for movie ID: 31611
2025-08-15 10:22:32,047 - INFO - Successfully fetched data for movie ID: 49805
2025-08-15 10:22:32,251 - INFO - Successfully fetched data for movie ID: 26258
2025-08-15 10:22:32,705 - INFO - Successfully fetched data for movie ID: 19155
2025-08-15 10:22:32,908 - INFO - Successfully fetched data for movie ID: 37141
2025-08-15 10:22:33,107 - INFO - Successfully fetched data for movie ID: 6715
2025-08-15 10:22:33,307 - INFO - Successfully fetched data for movie ID: 18256
2025-08-15 10:22:33,755 - INFO - Successfully fetched data for movie ID: 22625
2025-08-15 10:22:33,955 - INFO - Successfully fetched data for movie ID: 61813
2025-08-15 10:22:34,405 - INFO - Successfully fetched data for movie ID: 62488
2025-08-15 10:22:34,605 - INFO - Successfully fetched data for movie ID: 10531
2025-08-15 10:22:34,806 - INFO - Successfully fetched data for movie ID: 11929
2025-08-15 10:22:35,005 - INFO - Successfully fetched data for movie ID: 10451
2025-08-15 10:22:35,208 - INFO - Successfully fetched data for movie ID: 20156
2025-08-15 10:22:35,409 - INFO - Successfully fetched data for movie ID: 18395
2025-08-15 10:22:35,630 - INFO - Successfully fetched data for movie ID: 397
2025-08-15 10:22:36,085 - INFO - Successfully fetched data for movie ID: 10525
2025-08-15 10:22:36,526 - INFO - Successfully fetched data for movie ID: 27985
2025-08-15 10:22:36,975 - INFO - Successfully fetched data for movie ID: 15789
2025-08-15 10:22:37,755 - INFO - Successfully fetched data for movie ID: 21183
2025-08-15 10:22:38,047 - INFO - Successfully fetched data for movie ID: 10954
2025-08-15 10:22:38,246 - INFO - Successfully fetched data for movie ID: 47867
2025-08-15 10:22:39,280 - INFO - Successfully fetched data for movie ID: 43475
2025-08-15 10:22:39,482 - INFO - Successfully fetched data for movie ID: 72031
2025-08-15 10:22:39,682 - INFO - Successfully fetched data for movie ID: 14275
2025-08-15 10:22:39,887 - INFO - Successfully fetched data for movie ID: 14819
2025-08-15 10:22:40,327 - INFO - Successfully fetched data for movie ID: 32631
2025-08-15 10:22:40,529 - INFO - Successfully fetched data for movie ID: 87729
2025-08-15 10:22:40,732 - INFO - Successfully fetched data for movie ID: 18713
2025-08-15 10:22:41,177 - INFO - Successfully fetched data for movie ID: 9061
2025-08-15 10:22:41,378 - INFO - Successfully fetched data for movie ID: 37108
2025-08-15 10:22:41,656 - INFO - Successfully fetched data for movie ID: 49980
2025-08-15 10:22:41,855 - INFO - Successfully fetched data for movie ID: 11008
2025-08-15 10:22:42,076 - INFO - Successfully fetched data for movie ID: 47504
2025-08-15 10:22:42,276 - INFO - Successfully fetched data for movie ID: 32325
2025-08-15 10:22:43,137 - INFO - Successfully fetched data for movie ID: 11318
2025-08-15 10:22:43,338 - INFO - Successfully fetched data for movie ID: 40490
2025-08-15 10:22:43,539 - INFO - Successfully fetched data for movie ID: 8986
2025-08-15 10:22:43,741 - INFO - Successfully fetched data for movie ID: 10510
2025-08-15 10:22:44,186 - INFO - Successfully fetched data for movie ID: 8438
2025-08-15 10:22:44,409 - INFO - Successfully fetched data for movie ID: 11593
2025-08-15 10:22:44,609 - INFO - Successfully fetched data for movie ID: 39310
2025-08-15 10:22:44,811 - INFO - Successfully fetched data for movie ID: 109560
2025-08-15 10:22:45,013 - INFO - Successfully fetched data for movie ID: 56428
2025-08-15 10:22:45,219 - INFO - Successfully fetched data for movie ID: 63105
2025-08-15 10:22:45,420 - INFO - Successfully fetched data for movie ID: 131957
2025-08-15 10:22:45,621 - INFO - Successfully fetched data for movie ID: 241
2025-08-15 10:22:45,823 - INFO - Successfully fetched data for movie ID: 9058
2025-08-15 10:22:46,025 - INFO - Successfully fetched data for movie ID: 527
2025-08-15 10:22:46,245 - INFO - Successfully fetched data for movie ID: 18220
2025-08-15 10:22:46,446 - INFO - Successfully fetched data for movie ID: 2307
2025-08-15 10:22:46,646 - INFO - Successfully fetched data for movie ID: 41478
2025-08-15 10:22:46,847 - INFO - Successfully fetched data for movie ID: 40156
2025-08-15 10:22:47,047 - INFO - Successfully fetched data for movie ID: 11450
2025-08-15 10:22:47,248 - INFO - Successfully fetched data for movie ID: 30304
2025-08-15 10:22:47,757 - INFO - Successfully fetched data for movie ID: 10452
2025-08-15 10:22:47,958 - INFO - Successfully fetched data for movie ID: 3586
2025-08-15 10:22:48,160 - INFO - Successfully fetched data for movie ID: 110
2025-08-15 10:22:48,363 - INFO - Successfully fetched data for movie ID: 108
2025-08-15 10:22:49,227 - INFO - Successfully fetched data for movie ID: 109
2025-08-15 10:22:49,426 - INFO - Successfully fetched data for movie ID: 159185
2025-08-15 10:22:49,626 - INFO - Successfully fetched data for movie ID: 36357
2025-08-15 10:22:50,077 - INFO - Successfully fetched data for movie ID: 92769
2025-08-15 10:22:50,278 - INFO - Successfully fetched data for movie ID: 28033
2025-08-15 10:22:50,481 - INFO - Successfully fetched data for movie ID: 14334
2025-08-15 10:22:50,682 - INFO - Successfully fetched data for movie ID: 2636
2025-08-15 10:22:50,885 - INFO - Successfully fetched data for movie ID: 9905
2025-08-15 10:22:51,327 - INFO - Successfully fetched data for movie ID: 87078
2025-08-15 10:22:51,528 - INFO - Successfully fetched data for movie ID: 12527
2025-08-15 10:22:51,729 - INFO - Successfully fetched data for movie ID: 20306
2025-08-15 10:22:51,930 - INFO - Successfully fetched data for movie ID: 27993
2025-08-15 10:22:52,131 - INFO - Successfully fetched data for movie ID: 31439
2025-08-15 10:22:52,332 - INFO - Successfully fetched data for movie ID: 9059
2025-08-15 10:22:52,787 - INFO - Successfully fetched data for movie ID: 46797
2025-08-15 10:22:52,989 - INFO - Successfully fetched data for movie ID: 12122
2025-08-15 10:22:53,189 - INFO - Successfully fetched data for movie ID: 11381
2025-08-15 10:22:53,390 - INFO - Successfully fetched data for movie ID: 32636
2025-08-15 10:22:53,589 - INFO - Successfully fetched data for movie ID: 95963
2025-08-15 10:22:54,028 - INFO - Successfully fetched data for movie ID: 2064
2025-08-15 10:22:54,229 - INFO - Successfully fetched data for movie ID: 19855
2025-08-15 10:22:54,432 - INFO - Successfully fetched data for movie ID: 60855
2025-08-15 10:22:54,641 - INFO - Successfully fetched data for movie ID: 48287
2025-08-15 10:22:54,842 - INFO - Successfully fetched data for movie ID: 2759
2025-08-15 10:22:55,045 - INFO - Successfully fetched data for movie ID: 12635
2025-08-15 10:22:55,318 - INFO - Successfully fetched data for movie ID: 11382
2025-08-15 10:22:55,518 - INFO - Successfully fetched data for movie ID: 10464
2025-08-15 10:22:55,720 - INFO - Successfully fetched data for movie ID: 34152
2025-08-15 10:22:55,920 - INFO - Successfully fetched data for movie ID: 29973
2025-08-15 10:22:56,121 - INFO - Successfully fetched data for movie ID: 13
2025-08-15 10:22:56,322 - INFO - Successfully fetched data for movie ID: 16295
2025-08-15 10:22:56,522 - INFO - Successfully fetched data for movie ID: 48992
2025-08-15 10:22:56,722 - INFO - Successfully fetched data for movie ID: 10660
2025-08-15 10:22:56,924 - INFO - Successfully fetched data for movie ID: 10714
2025-08-15 10:22:57,123 - INFO - Successfully fetched data for movie ID: 41647
2025-08-15 10:22:57,324 - INFO - Successfully fetched data for movie ID: 9359
2025-08-15 10:22:57,544 - INFO - Successfully fetched data for movie ID: 23333
2025-08-15 10:22:57,743 - INFO - Successfully fetched data for movie ID: 36593
2025-08-15 10:22:58,189 - INFO - Successfully fetched data for movie ID: 12280
2025-08-15 10:22:58,628 - INFO - Successfully fetched data for movie ID: 49803
2025-08-15 10:22:58,830 - INFO - Successfully fetched data for movie ID: 15128
2025-08-15 10:22:59,298 - INFO - Successfully fetched data for movie ID: 36955
2025-08-15 10:22:59,768 - INFO - Successfully fetched data for movie ID: 10449
2025-08-15 10:22:59,970 - INFO - Successfully fetched data for movie ID: 10395
2025-08-15 10:23:01,648 - INFO - Successfully fetched data for movie ID: 40480
2025-08-15 10:23:01,927 - INFO - Successfully fetched data for movie ID: 52038
2025-08-15 10:23:02,129 - INFO - Successfully fetched data for movie ID: 29444
2025-08-15 10:23:02,330 - INFO - Successfully fetched data for movie ID: 39953
2025-08-15 10:23:02,529 - INFO - Successfully fetched data for movie ID: 41580
2025-08-15 10:23:03,369 - INFO - Successfully fetched data for movie ID: 18242
2025-08-15 10:23:03,570 - INFO - Successfully fetched data for movie ID: 32502
2025-08-15 10:23:03,771 - INFO - Successfully fetched data for movie ID: 267188
2025-08-15 10:23:03,972 - INFO - Successfully fetched data for movie ID: 28732
2025-08-15 10:23:04,173 - INFO - Successfully fetched data for movie ID: 75555
2025-08-15 10:23:04,377 - INFO - Successfully fetched data for movie ID: 42981
2025-08-15 10:23:04,818 - INFO - Successfully fetched data for movie ID: 278939
2025-08-15 10:23:05,019 - INFO - Successfully fetched data for movie ID: 291731
2025-08-15 10:23:05,218 - INFO - Successfully fetched data for movie ID: 226229
2025-08-15 10:23:05,419 - INFO - Successfully fetched data for movie ID: 203119
2025-08-15 10:23:05,859 - INFO - Successfully fetched data for movie ID: 172923
2025-08-15 10:23:06,060 - INFO - Successfully fetched data for movie ID: 316098
2025-08-15 10:23:06,262 - INFO - Successfully fetched data for movie ID: 8011
2025-08-15 10:23:06,462 - INFO - Successfully fetched data for movie ID: 171857
2025-08-15 10:23:06,661 - INFO - Successfully fetched data for movie ID: 2654
2025-08-15 10:23:06,861 - INFO - Successfully fetched data for movie ID: 18069
2025-08-15 10:23:07,087 - INFO - Successfully fetched data for movie ID: 19092
2025-08-15 10:23:07,291 - INFO - Successfully fetched data for movie ID: 2758
2025-08-15 10:23:07,493 - INFO - Successfully fetched data for movie ID: 38129
2025-08-15 10:23:07,695 - INFO - Successfully fetched data for movie ID: 13595
2025-08-15 10:23:07,895 - INFO - Successfully fetched data for movie ID: 9409
2025-08-15 10:23:08,095 - INFO - Successfully fetched data for movie ID: 11853
2025-08-15 10:23:08,296 - INFO - Successfully fetched data for movie ID: 46924
2025-08-15 10:23:08,498 - INFO - Successfully fetched data for movie ID: 11041
2025-08-15 10:23:08,697 - INFO - Successfully fetched data for movie ID: 14522
2025-08-15 10:23:08,904 - INFO - Successfully fetched data for movie ID: 26203
2025-08-15 10:23:09,104 - INFO - Successfully fetched data for movie ID: 178
2025-08-15 10:23:09,308 - INFO - Successfully fetched data for movie ID: 19819
2025-08-15 10:23:09,524 - INFO - Successfully fetched data for movie ID: 57834
2025-08-15 10:23:09,734 - INFO - Successfully fetched data for movie ID: 4722
2025-08-15 10:23:09,935 - INFO - Successfully fetched data for movie ID: 18215
2025-08-15 10:23:10,136 - INFO - Successfully fetched data for movie ID: 26391
2025-08-15 10:23:10,337 - INFO - Successfully fetched data for movie ID: 11310
2025-08-15 10:23:10,540 - INFO - Successfully fetched data for movie ID: 18658
2025-08-15 10:23:10,744 - INFO - Successfully fetched data for movie ID: 9612
2025-08-15 10:23:11,023 - INFO - Successfully fetched data for movie ID: 26261
2025-08-15 10:23:11,299 - INFO - Successfully fetched data for movie ID: 19176
2025-08-15 10:23:11,522 - INFO - Successfully fetched data for movie ID: 49299
2025-08-15 10:23:11,721 - INFO - Successfully fetched data for movie ID: 11566
2025-08-15 10:23:11,921 - INFO - Successfully fetched data for movie ID: 9739
2025-08-15 10:23:12,360 - INFO - Successfully fetched data for movie ID: 24257
2025-08-15 10:23:12,561 - INFO - Successfully fetched data for movie ID: 26141
2025-08-15 10:23:12,788 - INFO - Successfully fetched data for movie ID: 10997
2025-08-15 10:23:13,231 - INFO - Successfully fetched data for movie ID: 50463
2025-08-15 10:23:13,430 - INFO - Successfully fetched data for movie ID: 10443
2025-08-15 10:23:13,869 - INFO - Successfully fetched data for movie ID: 20239
2025-08-15 10:23:14,071 - INFO - Successfully fetched data for movie ID: 16297
2025-08-15 10:23:14,272 - INFO - Successfully fetched data for movie ID: 18551
2025-08-15 10:23:14,710 - INFO - Successfully fetched data for movie ID: 25440
2025-08-15 10:23:15,549 - INFO - Successfully fetched data for movie ID: 13815
2025-08-15 10:23:15,752 - INFO - Successfully fetched data for movie ID: 5503
2025-08-15 10:23:16,190 - INFO - Successfully fetched data for movie ID: 35588
2025-08-15 10:23:16,392 - INFO - Successfully fetched data for movie ID: 2087
2025-08-15 10:23:16,593 - INFO - Successfully fetched data for movie ID: 18620
2025-08-15 10:23:17,030 - INFO - Successfully fetched data for movie ID: 41006
2025-08-15 10:23:17,229 - INFO - Successfully fetched data for movie ID: 4916
2025-08-15 10:23:17,433 - INFO - Successfully fetched data for movie ID: 31642
2025-08-15 10:23:17,659 - INFO - Successfully fetched data for movie ID: 26271
2025-08-15 10:23:17,862 - INFO - Successfully fetched data for movie ID: 10612
2025-08-15 10:23:18,065 - INFO - Successfully fetched data for movie ID: 16097
2025-08-15 10:23:18,274 - INFO - Successfully fetched data for movie ID: 12475
2025-08-15 10:23:18,475 - INFO - Successfully fetched data for movie ID: 59930
2025-08-15 10:23:18,921 - INFO - Successfully fetched data for movie ID: 15765
2025-08-15 10:23:19,431 - INFO - Successfully fetched data for movie ID: 6
2025-08-15 10:23:19,632 - INFO - Successfully fetched data for movie ID: 34024
2025-08-15 10:23:19,833 - INFO - Successfully fetched data for movie ID: 29918
2025-08-15 10:23:20,033 - INFO - Successfully fetched data for movie ID: 42580
2025-08-15 10:23:20,299 - INFO - Successfully fetched data for movie ID: 22317
2025-08-15 10:23:20,523 - INFO - Successfully fetched data for movie ID: 1413
2025-08-15 10:23:20,724 - INFO - Successfully fetched data for movie ID: 2246
2025-08-15 10:23:20,927 - INFO - Successfully fetched data for movie ID: 10502
2025-08-15 10:23:21,132 - INFO - Successfully fetched data for movie ID: 9516
2025-08-15 10:23:21,581 - INFO - Successfully fetched data for movie ID: 5879
2025-08-15 10:23:21,849 - INFO - Successfully fetched data for movie ID: 83718
2025-08-15 10:23:22,290 - INFO - Successfully fetched data for movie ID: 2625
2025-08-15 10:23:22,511 - INFO - Successfully fetched data for movie ID: 31911
2025-08-15 10:23:22,711 - INFO - Successfully fetched data for movie ID: 21450
2025-08-15 10:23:22,938 - INFO - Successfully fetched data for movie ID: 41588
2025-08-15 10:23:23,390 - INFO - Successfully fetched data for movie ID: 713
2025-08-15 10:23:23,592 - INFO - Successfully fetched data for movie ID: 18133
2025-08-15 10:23:24,051 - INFO - Successfully fetched data for movie ID: 25557
2025-08-15 10:23:24,252 - INFO - Successfully fetched data for movie ID: 22588
2025-08-15 10:23:24,454 - INFO - Successfully fetched data for movie ID: 7007
2025-08-15 10:23:24,656 - INFO - Successfully fetched data for movie ID: 10467
2025-08-15 10:23:25,500 - INFO - Successfully fetched data for movie ID: 5550
2025-08-15 10:23:25,703 - INFO - Successfully fetched data for movie ID: 10412
2025-08-15 10:23:25,907 - INFO - Successfully fetched data for movie ID: 56583
2025-08-15 10:23:26,107 - INFO - Successfully fetched data for movie ID: 41878
2025-08-15 10:23:26,551 - INFO - Successfully fetched data for movie ID: 35233
2025-08-15 10:23:26,751 - INFO - Successfully fetched data for movie ID: 14291
2025-08-15 10:23:27,202 - INFO - Successfully fetched data for movie ID: 103413
2025-08-15 10:23:27,403 - INFO - Successfully fetched data for movie ID: 11236
2025-08-15 10:23:27,614 - INFO - Successfully fetched data for movie ID: 695
2025-08-15 10:23:27,816 - INFO - Successfully fetched data for movie ID: 43535
2025-08-15 10:23:28,015 - INFO - Successfully fetched data for movie ID: 12519
2025-08-15 10:23:28,461 - INFO - Successfully fetched data for movie ID: 23210
2025-08-15 10:23:28,662 - INFO - Successfully fetched data for movie ID: 13203
2025-08-15 10:23:28,864 - INFO - Successfully fetched data for movie ID: 33367
2025-08-15 10:23:29,066 - INFO - Successfully fetched data for movie ID: 20967
2025-08-15 10:23:29,269 - INFO - Successfully fetched data for movie ID: 10635
2025-08-15 10:23:29,468 - INFO - Successfully fetched data for movie ID: 10057
2025-08-15 10:23:29,670 - INFO - Successfully fetched data for movie ID: 41590
2025-08-15 10:23:30,521 - INFO - Successfully fetched data for movie ID: 319
2025-08-15 10:23:30,721 - INFO - Successfully fetched data for movie ID: 26408
2025-08-15 10:23:30,921 - INFO - Successfully fetched data for movie ID: 161158
2025-08-15 10:23:31,122 - INFO - Successfully fetched data for movie ID: 218473
2025-08-15 10:23:31,323 - INFO - Successfully fetched data for movie ID: 85247
2025-08-15 10:23:31,522 - INFO - Successfully fetched data for movie ID: 11446
2025-08-15 10:23:32,371 - INFO - Successfully fetched data for movie ID: 51980
2025-08-15 10:23:32,590 - INFO - Successfully fetched data for movie ID: 24405
2025-08-15 10:23:33,031 - INFO - Successfully fetched data for movie ID: 11655
2025-08-15 10:23:33,232 - INFO - Successfully fetched data for movie ID: 11800
2025-08-15 10:23:33,434 - INFO - Successfully fetched data for movie ID: 8223
2025-08-15 10:23:33,636 - INFO - Successfully fetched data for movie ID: 14587
2025-08-15 10:23:33,837 - INFO - Successfully fetched data for movie ID: 31504
2025-08-15 10:23:34,692 - INFO - Successfully fetched data for movie ID: 41653
2025-08-15 10:23:34,893 - INFO - Successfully fetched data for movie ID: 53185
2025-08-15 10:23:35,332 - INFO - Successfully fetched data for movie ID: 95743
2025-08-15 10:23:35,532 - INFO - Successfully fetched data for movie ID: 23637
2025-08-15 10:23:35,734 - INFO - Successfully fetched data for movie ID: 10897
2025-08-15 10:23:35,934 - INFO - Successfully fetched data for movie ID: 349394
2025-08-15 10:23:36,135 - INFO - Successfully fetched data for movie ID: 21352
2025-08-15 10:23:36,333 - INFO - Successfully fetched data for movie ID: 68806
2025-08-15 10:23:36,772 - INFO - Successfully fetched data for movie ID: 37345
2025-08-15 10:23:36,975 - INFO - Successfully fetched data for movie ID: 32562
2025-08-15 10:23:37,179 - INFO - Successfully fetched data for movie ID: 47507
2025-08-15 10:23:37,380 - INFO - Successfully fetched data for movie ID: 25403
2025-08-15 10:23:37,581 - INFO - Successfully fetched data for movie ID: 124304
2025-08-15 10:23:37,781 - INFO - Successfully fetched data for movie ID: 9066
2025-08-15 10:23:37,981 - INFO - Successfully fetched data for movie ID: 771
2025-08-15 10:23:38,761 - INFO - Successfully fetched data for movie ID: 812
2025-08-15 10:23:38,961 - INFO - Successfully fetched data for movie ID: 80350
2025-08-15 10:23:39,162 - INFO - Successfully fetched data for movie ID: 274
2025-08-15 10:23:39,389 - INFO - Successfully fetched data for movie ID: 41043
2025-08-15 10:23:39,832 - INFO - Successfully fetched data for movie ID: 15477
2025-08-15 10:23:40,031 - INFO - Successfully fetched data for movie ID: 59146
2025-08-15 10:23:40,231 - INFO - Successfully fetched data for movie ID: 124472
2025-08-15 10:23:40,443 - INFO - Successfully fetched data for movie ID: 30528
2025-08-15 10:23:40,645 - INFO - Successfully fetched data for movie ID: 7300
2025-08-15 10:23:40,847 - INFO - Successfully fetched data for movie ID: 10824
2025-08-15 10:23:41,046 - INFO - Successfully fetched data for movie ID: 261246
2025-08-15 10:23:41,248 - INFO - Successfully fetched data for movie ID: 275
2025-08-15 10:23:41,449 - INFO - Successfully fetched data for movie ID: 25059
2025-08-15 10:23:41,760 - INFO - Successfully fetched data for movie ID: 47333
2025-08-15 10:23:42,213 - INFO - Successfully fetched data for movie ID: 51242
2025-08-15 10:23:42,413 - INFO - Successfully fetched data for movie ID: 10112
2025-08-15 10:23:42,615 - INFO - Successfully fetched data for movie ID: 4307
2025-08-15 10:23:42,816 - INFO - Successfully fetched data for movie ID: 46029
2025-08-15 10:23:43,016 - INFO - Successfully fetched data for movie ID: 32308
2025-08-15 10:23:43,218 - INFO - Successfully fetched data for movie ID: 88893
2025-08-15 10:23:43,419 - INFO - Successfully fetched data for movie ID: 52873
2025-08-15 10:23:43,638 - INFO - Successfully fetched data for movie ID: 123505
2025-08-15 10:23:43,840 - INFO - Successfully fetched data for movie ID: 340210
2025-08-15 10:23:44,040 - INFO - Successfully fetched data for movie ID: 44281
2025-08-15 10:23:44,241 - INFO - Successfully fetched data for movie ID: 28121
2025-08-15 10:23:44,441 - INFO - Successfully fetched data for movie ID: 12520
2025-08-15 10:23:44,718 - INFO - Successfully fetched data for movie ID: 166901
2025-08-15 10:23:44,918 - INFO - Successfully fetched data for movie ID: 36447
2025-08-15 10:23:45,363 - INFO - Successfully fetched data for movie ID: 19042
2025-08-15 10:23:45,563 - INFO - Successfully fetched data for movie ID: 38884
2025-08-15 10:23:45,762 - INFO - Successfully fetched data for movie ID: 47449
2025-08-15 10:23:45,964 - INFO - Successfully fetched data for movie ID: 41852
2025-08-15 10:23:46,166 - INFO - Successfully fetched data for movie ID: 40926
2025-08-15 10:23:46,366 - INFO - Successfully fetched data for movie ID: 9099
2025-08-15 10:23:47,152 - INFO - Successfully fetched data for movie ID: 2021
2025-08-15 10:23:47,354 - INFO - Successfully fetched data for movie ID: 61752
2025-08-15 10:23:47,794 - INFO - Successfully fetched data for movie ID: 10988
2025-08-15 10:23:48,643 - INFO - Successfully fetched data for movie ID: 11479
2025-08-15 10:23:49,083 - INFO - Successfully fetched data for movie ID: 398959
2025-08-15 10:23:49,285 - INFO - Successfully fetched data for movie ID: 287305
2025-08-15 10:23:49,486 - INFO - Successfully fetched data for movie ID: 339428
2025-08-15 10:23:49,693 - INFO - Successfully fetched data for movie ID: 12652
2025-08-15 10:23:49,894 - INFO - Successfully fetched data for movie ID: 954
2025-08-15 10:23:50,116 - INFO - Successfully fetched data for movie ID: 68445
2025-08-15 10:23:50,318 - INFO - Successfully fetched data for movie ID: 18989
2025-08-15 10:23:50,763 - INFO - Successfully fetched data for movie ID: 10801
2025-08-15 10:23:50,963 - INFO - Successfully fetched data for movie ID: 54285
2025-08-15 10:23:51,163 - INFO - Successfully fetched data for movie ID: 278978
2025-08-15 10:23:51,364 - INFO - Successfully fetched data for movie ID: 124625
2025-08-15 10:23:51,566 - INFO - Successfully fetched data for movie ID: 11107
2025-08-15 10:23:51,769 - INFO - Successfully fetched data for movie ID: 16417
2025-08-15 10:23:51,969 - INFO - Successfully fetched data for movie ID: 70934
2025-08-15 10:23:52,171 - INFO - Successfully fetched data for movie ID: 10363
2025-08-15 10:23:52,372 - INFO - Successfully fetched data for movie ID: 161070
2025-08-15 10:23:52,592 - INFO - Successfully fetched data for movie ID: 10543
2025-08-15 10:23:52,793 - INFO - Successfully fetched data for movie ID: 18414
2025-08-15 10:23:53,234 - INFO - Successfully fetched data for movie ID: 47502
2025-08-15 10:23:53,436 - INFO - Successfully fetched data for movie ID: 27098
2025-08-15 10:23:53,636 - INFO - Successfully fetched data for movie ID: 25087
2025-08-15 10:23:54,083 - INFO - Successfully fetched data for movie ID: 5801
2025-08-15 10:23:54,284 - INFO - Successfully fetched data for movie ID: 896
2025-08-15 10:23:54,483 - INFO - Successfully fetched data for movie ID: 3065
2025-08-15 10:23:54,927 - INFO - Successfully fetched data for movie ID: 318177
2025-08-15 10:23:55,129 - INFO - Successfully fetched data for movie ID: 288173
2025-08-15 10:23:55,329 - INFO - Successfully fetched data for movie ID: 187851
2025-08-15 10:23:55,532 - INFO - Successfully fetched data for movie ID: 27768
2025-08-15 10:23:55,731 - INFO - Successfully fetched data for movie ID: 221917
2025-08-15 10:23:55,934 - INFO - Successfully fetched data for movie ID: 35797
2025-08-15 10:23:56,395 - INFO - Successfully fetched data for movie ID: 88030
2025-08-15 10:23:56,596 - INFO - Successfully fetched data for movie ID: 185191
2025-08-15 10:23:56,795 - INFO - Successfully fetched data for movie ID: 83857
2025-08-15 10:23:57,071 - INFO - Successfully fetched data for movie ID: 33245
2025-08-15 10:23:57,271 - INFO - Successfully fetched data for movie ID: 124460
2025-08-15 10:23:57,713 - INFO - Successfully fetched data for movie ID: 27281
2025-08-15 10:23:57,914 - INFO - Successfully fetched data for movie ID: 105045
2025-08-15 10:23:58,115 - INFO - Successfully fetched data for movie ID: 29621
2025-08-15 10:23:58,553 - INFO - Successfully fetched data for movie ID: 117730
2025-08-15 10:23:59,394 - INFO - Successfully fetched data for movie ID: 20762
2025-08-15 10:23:59,595 - INFO - Successfully fetched data for movie ID: 37144
2025-08-15 10:23:59,796 - INFO - Successfully fetched data for movie ID: 48260
2025-08-15 10:23:59,997 - INFO - Successfully fetched data for movie ID: 12656
2025-08-15 10:24:00,197 - INFO - Successfully fetched data for movie ID: 38867
2025-08-15 10:24:00,398 - INFO - Successfully fetched data for movie ID: 277270
2025-08-15 10:24:00,599 - INFO - Successfully fetched data for movie ID: 25969
2025-08-15 10:24:00,799 - INFO - Successfully fetched data for movie ID: 44103
2025-08-15 10:24:00,999 - INFO - Successfully fetched data for movie ID: 43634
2025-08-15 10:24:01,201 - INFO - Successfully fetched data for movie ID: 90214
2025-08-15 10:24:01,400 - INFO - Successfully fetched data for movie ID: 29649
2025-08-15 10:24:01,602 - INFO - Successfully fetched data for movie ID: 10990
2025-08-15 10:24:01,804 - INFO - Successfully fetched data for movie ID: 8866
2025-08-15 10:24:02,004 - INFO - Successfully fetched data for movie ID: 23449
2025-08-15 10:24:02,229 - INFO - Successfully fetched data for movie ID: 37667
2025-08-15 10:24:02,674 - INFO - Successfully fetched data for movie ID: 90148
2025-08-15 10:24:02,874 - INFO - Successfully fetched data for movie ID: 922
2025-08-15 10:24:03,387 - INFO - Successfully fetched data for movie ID: 52633
2025-08-15 10:24:03,825 - INFO - Successfully fetched data for movie ID: 62364
2025-08-15 10:24:04,027 - INFO - Successfully fetched data for movie ID: 11687
2025-08-15 10:24:04,227 - INFO - Successfully fetched data for movie ID: 73183
2025-08-15 10:24:04,432 - INFO - Successfully fetched data for movie ID: 131232
2025-08-15 10:24:04,632 - INFO - Successfully fetched data for movie ID: 20759
2025-08-15 10:24:04,832 - INFO - Successfully fetched data for movie ID: 46063
2025-08-15 10:24:05,032 - INFO - Successfully fetched data for movie ID: 365371
2025-08-15 10:24:05,232 - INFO - Successfully fetched data for movie ID: 32513
2025-08-15 10:24:05,440 - INFO - Successfully fetched data for movie ID: 40651
2025-08-15 10:24:05,662 - INFO - Successfully fetched data for movie ID: 36915
2025-08-15 10:24:05,864 - INFO - Successfully fetched data for movie ID: 25697
2025-08-15 10:24:06,305 - INFO - Successfully fetched data for movie ID: 664
2025-08-15 10:24:06,506 - INFO - Successfully fetched data for movie ID: 11867
2025-08-15 10:24:06,709 - INFO - Successfully fetched data for movie ID: 47119
2025-08-15 10:24:06,910 - INFO - Successfully fetched data for movie ID: 314352
2025-08-15 10:24:07,113 - INFO - Successfully fetched data for movie ID: 9323
2025-08-15 10:24:07,313 - INFO - Successfully fetched data for movie ID: 10280
2025-08-15 10:24:08,235 - INFO - Successfully fetched data for movie ID: 124613
2025-08-15 10:24:08,439 - INFO - Successfully fetched data for movie ID: 532
2025-08-15 10:24:08,640 - INFO - Successfully fetched data for movie ID: 26744
2025-08-15 10:24:09,095 - INFO - Successfully fetched data for movie ID: 16299
2025-08-15 10:24:09,295 - INFO - Successfully fetched data for movie ID: 10547
2025-08-15 10:24:09,497 - INFO - Successfully fetched data for movie ID: 245268
2025-08-15 10:24:09,785 - INFO - Successfully fetched data for movie ID: 55613
2025-08-15 10:24:09,986 - INFO - Successfully fetched data for movie ID: 215107
2025-08-15 10:24:10,826 - INFO - Successfully fetched data for movie ID: 41007
2025-08-15 10:24:11,026 - INFO - Successfully fetched data for movie ID: 35645
2025-08-15 10:24:11,466 - INFO - Successfully fetched data for movie ID: 110465
2025-08-15 10:24:11,668 - INFO - Successfully fetched data for movie ID: 255546
2025-08-15 10:24:11,869 - INFO - Successfully fetched data for movie ID: 40751
2025-08-15 10:24:12,305 - INFO - Successfully fetched data for movie ID: 275096
2025-08-15 10:24:12,506 - INFO - Successfully fetched data for movie ID: 85778
2025-08-15 10:24:12,771 - INFO - Successfully fetched data for movie ID: 11101
2025-08-15 10:24:12,977 - INFO - Successfully fetched data for movie ID: 63564
2025-08-15 10:24:13,176 - INFO - Successfully fetched data for movie ID: 22621
2025-08-15 10:24:13,376 - INFO - Successfully fetched data for movie ID: 26890
2025-08-15 10:24:13,578 - INFO - Successfully fetched data for movie ID: 46732
2025-08-15 10:24:13,781 - INFO - Successfully fetched data for movie ID: 124633
2025-08-15 10:24:14,226 - INFO - Successfully fetched data for movie ID: 202425
2025-08-15 10:24:14,428 - INFO - Successfully fetched data for movie ID: 196940
2025-08-15 10:24:14,629 - INFO - Successfully fetched data for movie ID: 77771
2025-08-15 10:24:14,832 - INFO - Successfully fetched data for movie ID: 181083
2025-08-15 10:24:15,033 - INFO - Successfully fetched data for movie ID: 41225
2025-08-15 10:24:15,235 - INFO - Successfully fetched data for movie ID: 188589
2025-08-15 10:24:15,435 - INFO - Successfully fetched data for movie ID: 32872
2025-08-15 10:24:15,637 - INFO - Successfully fetched data for movie ID: 14553
2025-08-15 10:24:15,838 - INFO - Successfully fetched data for movie ID: 9268
2025-08-15 10:24:16,040 - INFO - Successfully fetched data for movie ID: 52059
2025-08-15 10:24:16,239 - INFO - Successfully fetched data for movie ID: 123763
2025-08-15 10:24:16,439 - INFO - Successfully fetched data for movie ID: 81949
2025-08-15 10:24:16,661 - INFO - Successfully fetched data for movie ID: 42005
2025-08-15 10:24:16,862 - INFO - Successfully fetched data for movie ID: 124306
2025-08-15 10:24:17,061 - INFO - Successfully fetched data for movie ID: 183955
2025-08-15 10:24:17,266 - INFO - Successfully fetched data for movie ID: 44535
2025-08-15 10:24:17,467 - INFO - Successfully fetched data for movie ID: 44495
2025-08-15 10:24:17,925 - INFO - Successfully fetched data for movie ID: 78285
2025-08-15 10:24:18,127 - INFO - Successfully fetched data for movie ID: 11228
2025-08-15 10:24:18,347 - INFO - Successfully fetched data for movie ID: 49963
2025-08-15 10:24:18,547 - INFO - Successfully fetched data for movie ID: 1645
2025-08-15 10:24:18,750 - INFO - Successfully fetched data for movie ID: 31546
2025-08-15 10:24:18,952 - INFO - Successfully fetched data for movie ID: 77056
2025-08-15 10:24:19,152 - INFO - Successfully fetched data for movie ID: 36344
2025-08-15 10:24:19,352 - INFO - Successfully fetched data for movie ID: 172198
2025-08-15 10:24:19,552 - INFO - Successfully fetched data for movie ID: 281085
2025-08-15 10:24:19,754 - INFO - Successfully fetched data for movie ID: 109478
2025-08-15 10:24:19,985 - INFO - Successfully fetched data for movie ID: 124645
2025-08-15 10:24:20,185 - INFO - Successfully fetched data for movie ID: 12606
2025-08-15 10:24:20,451 - INFO - Successfully fetched data for movie ID: 69895
2025-08-15 10:24:21,306 - INFO - Successfully fetched data for movie ID: 35206
2025-08-15 10:24:21,509 - INFO - Successfully fetched data for movie ID: 151489
2025-08-15 10:24:21,710 - INFO - Successfully fetched data for movie ID: 4837
2025-08-15 10:24:21,911 - INFO - Successfully fetched data for movie ID: 12632
2025-08-15 10:24:22,357 - INFO - Successfully fetched data for movie ID: 9098
2025-08-15 10:24:22,557 - INFO - Successfully fetched data for movie ID: 282919
2025-08-15 10:24:22,758 - INFO - Successfully fetched data for movie ID: 124614
2025-08-15 10:24:22,961 - INFO - Successfully fetched data for movie ID: 18975
2025-08-15 10:24:23,162 - INFO - Successfully fetched data for movie ID: 11962
2025-08-15 10:24:23,448 - INFO - Successfully fetched data for movie ID: 28628
2025-08-15 10:24:23,648 - INFO - Successfully fetched data for movie ID: 9308
2025-08-15 10:24:23,873 - INFO - Successfully fetched data for movie ID: 92381
2025-08-15 10:24:24,073 - INFO - Successfully fetched data for movie ID: 18555
2025-08-15 10:24:24,273 - INFO - Successfully fetched data for movie ID: 3573
2025-08-15 10:24:24,473 - INFO - Successfully fetched data for movie ID: 18862
2025-08-15 10:24:24,675 - INFO - Successfully fetched data for movie ID: 31417
2025-08-15 10:24:25,456 - INFO - Successfully fetched data for movie ID: 124619
2025-08-15 10:24:25,658 - INFO - Successfully fetched data for movie ID: 297645
2025-08-15 10:24:25,858 - INFO - Successfully fetched data for movie ID: 48144
2025-08-15 10:24:26,058 - INFO - Successfully fetched data for movie ID: 46986
2025-08-15 10:24:26,261 - INFO - Successfully fetched data for movie ID: 144982
2025-08-15 10:24:26,464 - INFO - Successfully fetched data for movie ID: 36266
2025-08-15 10:24:26,666 - INFO - Successfully fetched data for movie ID: 116690
2025-08-15 10:24:27,137 - INFO - Successfully fetched data for movie ID: 213917
2025-08-15 10:24:27,337 - INFO - Successfully fetched data for movie ID: 145925
2025-08-15 10:24:27,538 - INFO - Successfully fetched data for movie ID: 100914
2025-08-15 10:24:27,739 - INFO - Successfully fetched data for movie ID: 159
2025-08-15 10:24:28,187 - INFO - Successfully fetched data for movie ID: 11134
2025-08-15 10:24:28,388 - INFO - Successfully fetched data for movie ID: 132641
2025-08-15 10:24:28,589 - INFO - Successfully fetched data for movie ID: 37820
2025-08-15 10:24:28,790 - INFO - Successfully fetched data for movie ID: 22479
2025-08-15 10:24:28,991 - INFO - Successfully fetched data for movie ID: 9054
2025-08-15 10:24:29,191 - INFO - Successfully fetched data for movie ID: 241058
2025-08-15 10:24:29,393 - INFO - Successfully fetched data for movie ID: 11985
2025-08-15 10:24:29,596 - INFO - Successfully fetched data for movie ID: 10232
2025-08-15 10:24:29,795 - INFO - Successfully fetched data for movie ID: 59569
2025-08-15 10:24:29,994 - INFO - Successfully fetched data for movie ID: 410921
2025-08-15 10:24:30,196 - INFO - Successfully fetched data for movie ID: 38955
2025-08-15 10:24:30,396 - INFO - Successfully fetched data for movie ID: 110513
2025-08-15 10:24:30,595 - INFO - Successfully fetched data for movie ID: 114089
2025-08-15 10:24:31,036 - INFO - Successfully fetched data for movie ID: 12559
2025-08-15 10:24:31,236 - INFO - Successfully fetched data for movie ID: 124851
2025-08-15 10:24:31,460 - INFO - Successfully fetched data for movie ID: 56077
2025-08-15 10:24:31,907 - INFO - Successfully fetched data for movie ID: 19004
2025-08-15 10:24:32,348 - INFO - Successfully fetched data for movie ID: 101230
2025-08-15 10:24:32,548 - INFO - Successfully fetched data for movie ID: 253632
2025-08-15 10:24:32,749 - INFO - Successfully fetched data for movie ID: 44705
2025-08-15 10:24:32,949 - INFO - Successfully fetched data for movie ID: 20318
2025-08-15 10:24:33,397 - INFO - Successfully fetched data for movie ID: 43596
2025-08-15 10:24:33,838 - INFO - Successfully fetched data for movie ID: 79782
2025-08-15 10:24:34,038 - INFO - Successfully fetched data for movie ID: 26933
2025-08-15 10:24:34,238 - INFO - Successfully fetched data for movie ID: 981
2025-08-15 10:24:34,440 - INFO - Successfully fetched data for movie ID: 872
2025-08-15 10:24:34,640 - INFO - Successfully fetched data for movie ID: 13320
2025-08-15 10:24:34,840 - INFO - Successfully fetched data for movie ID: 164
2025-08-15 10:24:35,043 - INFO - Successfully fetched data for movie ID: 26531
2025-08-15 10:24:35,242 - INFO - Successfully fetched data for movie ID: 909
2025-08-15 10:24:35,443 - INFO - Successfully fetched data for movie ID: 31044
2025-08-15 10:24:35,645 - INFO - Successfully fetched data for movie ID: 121357
2025-08-15 10:24:35,844 - INFO - Successfully fetched data for movie ID: 25670
2025-08-15 10:24:36,046 - INFO - Successfully fetched data for movie ID: 4174
2025-08-15 10:24:36,498 - INFO - Successfully fetched data for movie ID: 8356
2025-08-15 10:24:36,699 - INFO - Successfully fetched data for movie ID: 381
2025-08-15 10:24:36,901 - INFO - Successfully fetched data for movie ID: 20758
2025-08-15 10:24:37,101 - INFO - Successfully fetched data for movie ID: 29376
2025-08-15 10:24:37,304 - INFO - Successfully fetched data for movie ID: 18299
2025-08-15 10:24:37,507 - INFO - Successfully fetched data for movie ID: 17281
2025-08-15 10:24:37,708 - INFO - Successfully fetched data for movie ID: 64382
2025-08-15 10:24:38,548 - INFO - Successfully fetched data for movie ID: 32093
2025-08-15 10:24:38,748 - INFO - Successfully fetched data for movie ID: 1939
2025-08-15 10:24:38,949 - INFO - Successfully fetched data for movie ID: 22292
2025-08-15 10:24:39,149 - INFO - Successfully fetched data for movie ID: 198
2025-08-15 10:24:39,350 - INFO - Successfully fetched data for movie ID: 13562
2025-08-15 10:24:39,551 - INFO - Successfully fetched data for movie ID: 3085
2025-08-15 10:24:39,751 - INFO - Successfully fetched data for movie ID: 2897
2025-08-15 10:24:39,952 - INFO - Successfully fetched data for movie ID: 43795
2025-08-15 10:24:40,727 - INFO - Successfully fetched data for movie ID: 85638
2025-08-15 10:24:40,928 - INFO - Successfully fetched data for movie ID: 50001
2025-08-15 10:24:41,127 - INFO - Successfully fetched data for movie ID: 43905
2025-08-15 10:24:41,328 - INFO - Successfully fetched data for movie ID: 22688
2025-08-15 10:24:41,778 - INFO - Successfully fetched data for movie ID: 23114
2025-08-15 10:24:41,980 - INFO - Successfully fetched data for movie ID: 26378
2025-08-15 10:24:42,449 - INFO - Successfully fetched data for movie ID: 40206
2025-08-15 10:24:43,298 - INFO - Successfully fetched data for movie ID: 22356
2025-08-15 10:24:43,500 - INFO - Successfully fetched data for movie ID: 260
2025-08-15 10:24:43,700 - INFO - Successfully fetched data for movie ID: 43488
2025-08-15 10:24:44,161 - INFO - Successfully fetched data for movie ID: 22613
2025-08-15 10:24:44,598 - INFO - Successfully fetched data for movie ID: 57575
2025-08-15 10:24:44,798 - INFO - Successfully fetched data for movie ID: 32574
2025-08-15 10:24:44,999 - INFO - Successfully fetched data for movie ID: 22657
2025-08-15 10:24:45,198 - INFO - Successfully fetched data for movie ID: 76464
2025-08-15 10:24:45,649 - INFO - Successfully fetched data for movie ID: 176841
2025-08-15 10:24:45,849 - INFO - Successfully fetched data for movie ID: 125587
2025-08-15 10:24:46,120 - INFO - Successfully fetched data for movie ID: 39448
2025-08-15 10:24:46,319 - INFO - Successfully fetched data for movie ID: 52855
2025-08-15 10:24:46,520 - INFO - Successfully fetched data for movie ID: 39940
2025-08-15 10:24:46,723 - INFO - Successfully fetched data for movie ID: 172868
2025-08-15 10:24:46,923 - INFO - Successfully fetched data for movie ID: 85328
2025-08-15 10:24:47,122 - INFO - Successfully fetched data for movie ID: 124632
2025-08-15 10:24:47,959 - INFO - Successfully fetched data for movie ID: 11076
2025-08-15 10:24:48,162 - INFO - Successfully fetched data for movie ID: 63945
2025-08-15 10:24:48,361 - INFO - Successfully fetched data for movie ID: 58985
2025-08-15 10:24:48,799 - INFO - Successfully fetched data for movie ID: 890
2025-08-15 10:24:48,999 - INFO - Successfully fetched data for movie ID: 44465
2025-08-15 10:24:49,200 - INFO - Successfully fetched data for movie ID: 2033
2025-08-15 10:24:49,401 - INFO - Successfully fetched data for movie ID: 18203
2025-08-15 10:24:49,849 - INFO - Successfully fetched data for movie ID: 9333
2025-08-15 10:24:50,075 - INFO - Successfully fetched data for movie ID: 47260
2025-08-15 10:24:50,530 - INFO - Successfully fetched data for movie ID: 9401
2025-08-15 10:24:50,730 - INFO - Successfully fetched data for movie ID: 25739
2025-08-15 10:24:50,931 - INFO - Successfully fetched data for movie ID: 161806
2025-08-15 10:24:51,135 - INFO - Successfully fetched data for movie ID: 10680
2025-08-15 10:24:51,335 - INFO - Successfully fetched data for movie ID: 18660
2025-08-15 10:24:51,789 - INFO - Successfully fetched data for movie ID: 35115
2025-08-15 10:24:51,991 - INFO - Successfully fetched data for movie ID: 14821
2025-08-15 10:24:52,192 - INFO - Successfully fetched data for movie ID: 14136
2025-08-15 10:24:52,629 - INFO - Successfully fetched data for movie ID: 10869
2025-08-15 10:24:52,832 - INFO - Successfully fetched data for movie ID: 22660
2025-08-15 10:24:53,289 - INFO - Successfully fetched data for movie ID: 19186
2025-08-15 10:24:53,489 - INFO - Successfully fetched data for movie ID: 31102
2025-08-15 10:24:53,690 - INFO - Successfully fetched data for movie ID: 6878
2025-08-15 10:24:53,889 - INFO - Successfully fetched data for movie ID: 15944
2025-08-15 10:24:54,090 - INFO - Successfully fetched data for movie ID: 18444
2025-08-15 10:24:54,529 - INFO - Successfully fetched data for movie ID: 20723
2025-08-15 10:24:54,730 - INFO - Successfully fetched data for movie ID: 864
2025-08-15 10:24:55,169 - INFO - Successfully fetched data for movie ID: 24795
2025-08-15 10:24:55,372 - INFO - Successfully fetched data for movie ID: 81310
2025-08-15 10:24:55,573 - INFO - Successfully fetched data for movie ID: 15947
2025-08-15 10:24:55,779 - INFO - Successfully fetched data for movie ID: 29682
2025-08-15 10:24:56,230 - INFO - Successfully fetched data for movie ID: 48862
2025-08-15 10:24:56,670 - INFO - Successfully fetched data for movie ID: 117036
2025-08-15 10:24:56,872 - INFO - Successfully fetched data for movie ID: 47199
2025-08-15 10:24:57,073 - INFO - Successfully fetched data for movie ID: 9591
2025-08-15 10:24:57,274 - INFO - Successfully fetched data for movie ID: 30500
2025-08-15 10:24:57,474 - INFO - Successfully fetched data for movie ID: 55058
2025-08-15 10:24:57,672 - INFO - Successfully fetched data for movie ID: 10938
2025-08-15 10:24:57,872 - INFO - Successfully fetched data for movie ID: 42314
2025-08-15 10:24:58,319 - INFO - Successfully fetched data for movie ID: 27845
2025-08-15 10:24:58,519 - INFO - Successfully fetched data for movie ID: 108365
2025-08-15 10:24:58,721 - INFO - Successfully fetched data for movie ID: 23223
2025-08-15 10:24:58,921 - INFO - Successfully fetched data for movie ID: 43777
2025-08-15 10:24:59,191 - INFO - Successfully fetched data for movie ID: 38191
2025-08-15 10:24:59,394 - INFO - Successfully fetched data for movie ID: 56830
2025-08-15 10:24:59,594 - INFO - Successfully fetched data for movie ID: 11238
2025-08-15 10:24:59,794 - INFO - Successfully fetched data for movie ID: 27256
2025-08-15 10:24:59,994 - INFO - Successfully fetched data for movie ID: 31530
2025-08-15 10:25:00,770 - INFO - Successfully fetched data for movie ID: 66473
2025-08-15 10:25:00,970 - INFO - Successfully fetched data for movie ID: 28120
2025-08-15 10:25:01,171 - INFO - Successfully fetched data for movie ID: 1834
2025-08-15 10:25:01,372 - INFO - Successfully fetched data for movie ID: 26282
2025-08-15 10:25:01,573 - INFO - Successfully fetched data for movie ID: 116356
2025-08-15 10:25:01,794 - INFO - Successfully fetched data for movie ID: 16372
2025-08-15 10:25:01,997 - INFO - Successfully fetched data for movie ID: 12614
2025-08-15 10:25:02,197 - INFO - Successfully fetched data for movie ID: 21711
2025-08-15 10:25:02,401 - INFO - Successfully fetched data for movie ID: 11331
2025-08-15 10:25:02,601 - INFO - Successfully fetched data for movie ID: 21202
2025-08-15 10:25:03,450 - INFO - Successfully fetched data for movie ID: 88
2025-08-15 10:25:03,652 - INFO - Successfully fetched data for movie ID: 8491
2025-08-15 10:25:03,852 - INFO - Successfully fetched data for movie ID: 67365
2025-08-15 10:25:04,053 - INFO - Successfully fetched data for movie ID: 25842
2025-08-15 10:25:04,253 - INFO - Successfully fetched data for movie ID: 136311
2025-08-15 10:25:04,452 - INFO - Successfully fetched data for movie ID: 25750
2025-08-15 10:25:04,653 - INFO - Successfully fetched data for movie ID: 17642
2025-08-15 10:25:04,854 - INFO - Successfully fetched data for movie ID: 427043
2025-08-15 10:25:05,055 - INFO - Successfully fetched data for movie ID: 146341
2025-08-15 10:25:05,257 - INFO - Successfully fetched data for movie ID: 9305
2025-08-15 10:25:05,459 - INFO - Successfully fetched data for movie ID: 37616
2025-08-15 10:25:05,661 - INFO - Successfully fetched data for movie ID: 11112
2025-08-15 10:25:05,861 - INFO - Successfully fetched data for movie ID: 141210
2025-08-15 10:25:06,081 - INFO - Successfully fetched data for movie ID: 102461
2025-08-15 10:25:06,522 - INFO - Successfully fetched data for movie ID: 36998
2025-08-15 10:25:06,723 - INFO - Successfully fetched data for movie ID: 200383
2025-08-15 10:25:06,924 - INFO - Successfully fetched data for movie ID: 116844
2025-08-15 10:25:07,124 - INFO - Successfully fetched data for movie ID: 1630
2025-08-15 10:25:07,324 - INFO - Successfully fetched data for movie ID: 26626
2025-08-15 10:25:07,525 - INFO - Successfully fetched data for movie ID: 124837
2025-08-15 10:25:07,725 - INFO - Successfully fetched data for movie ID: 11816
2025-08-15 10:25:07,928 - INFO - Successfully fetched data for movie ID: 790
2025-08-15 10:25:08,194 - INFO - Successfully fetched data for movie ID: 11298
2025-08-15 10:25:08,397 - INFO - Successfully fetched data for movie ID: 4481
2025-08-15 10:25:08,598 - INFO - Successfully fetched data for movie ID: 49688
2025-08-15 10:25:08,799 - INFO - Successfully fetched data for movie ID: 10765
2025-08-15 10:25:08,998 - INFO - Successfully fetched data for movie ID: 44497
2025-08-15 10:25:09,853 - INFO - Successfully fetched data for movie ID: 85588
2025-08-15 10:25:10,144 - INFO - Successfully fetched data for movie ID: 278621
2025-08-15 10:25:10,591 - INFO - Successfully fetched data for movie ID: 99479
2025-08-15 10:25:11,042 - INFO - Successfully fetched data for movie ID: 124829
2025-08-15 10:25:11,243 - INFO - Successfully fetched data for movie ID: 79306
2025-08-15 10:25:11,522 - INFO - Successfully fetched data for movie ID: 356054
2025-08-15 10:25:11,792 - INFO - Successfully fetched data for movie ID: 10548
2025-08-15 10:25:11,993 - INFO - Successfully fetched data for movie ID: 531
2025-08-15 10:25:12,195 - INFO - Successfully fetched data for movie ID: 104931
2025-08-15 10:25:12,651 - INFO - Successfully fetched data for movie ID: 4483
2025-08-15 10:25:12,853 - INFO - Successfully fetched data for movie ID: 18919
2025-08-15 10:25:13,054 - INFO - Successfully fetched data for movie ID: 31556
2025-08-15 10:25:13,254 - INFO - Successfully fetched data for movie ID: 26167
2025-08-15 10:25:13,454 - INFO - Successfully fetched data for movie ID: 26174
2025-08-15 10:25:13,656 - INFO - Successfully fetched data for movie ID: 61461
2025-08-15 10:25:14,183 - INFO - Successfully fetched data for movie ID: 117500
2025-08-15 10:25:14,385 - INFO - Successfully fetched data for movie ID: 218713
2025-08-15 10:25:14,585 - INFO - Successfully fetched data for movie ID: 217802
2025-08-15 10:25:14,787 - INFO - Successfully fetched data for movie ID: 127973
2025-08-15 10:25:15,234 - INFO - Successfully fetched data for movie ID: 659
2025-08-15 10:25:15,435 - INFO - Successfully fetched data for movie ID: 30892
2025-08-15 10:25:15,635 - INFO - Successfully fetched data for movie ID: 86369
2025-08-15 10:25:15,839 - INFO - Successfully fetched data for movie ID: 8074
2025-08-15 10:25:16,038 - INFO - Successfully fetched data for movie ID: 124676
2025-08-15 10:25:16,238 - INFO - Successfully fetched data for movie ID: 38554
2025-08-15 10:25:16,439 - INFO - Successfully fetched data for movie ID: 41326
2025-08-15 10:25:16,640 - INFO - Successfully fetched data for movie ID: 36555
2025-08-15 10:25:16,843 - INFO - Successfully fetched data for movie ID: 10608
2025-08-15 10:25:17,045 - INFO - Successfully fetched data for movie ID: 11216
2025-08-15 10:25:17,492 - INFO - Successfully fetched data for movie ID: 7452
2025-08-15 10:25:17,695 - INFO - Successfully fetched data for movie ID: 64567
2025-08-15 10:25:17,899 - INFO - Successfully fetched data for movie ID: 892
2025-08-15 10:25:18,173 - INFO - Successfully fetched data for movie ID: 1600
2025-08-15 10:25:18,376 - INFO - Successfully fetched data for movie ID: 26561
2025-08-15 10:25:18,603 - INFO - Successfully fetched data for movie ID: 975
2025-08-15 10:25:18,804 - INFO - Successfully fetched data for movie ID: 18129
2025-08-15 10:25:19,004 - INFO - Successfully fetched data for movie ID: 54405
2025-08-15 10:25:19,204 - INFO - Successfully fetched data for movie ID: 150823
2025-08-15 10:25:19,406 - INFO - Successfully fetched data for movie ID: 38251
2025-08-15 10:25:19,605 - INFO - Successfully fetched data for movie ID: 41768
2025-08-15 10:25:20,238 - INFO - Successfully fetched data for movie ID: 14285
2025-08-15 10:25:20,439 - INFO - Successfully fetched data for movie ID: 2469
2025-08-15 10:25:20,892 - INFO - Successfully fetched data for movie ID: 510
2025-08-15 10:25:21,114 - INFO - Successfully fetched data for movie ID: 11455
2025-08-15 10:25:21,316 - INFO - Successfully fetched data for movie ID: 2493
2025-08-15 10:25:21,519 - INFO - Successfully fetched data for movie ID: 679
2025-08-15 10:25:21,721 - INFO - Successfully fetched data for movie ID: 13446
2025-08-15 10:25:21,923 - INFO - Successfully fetched data for movie ID: 389
2025-08-15 10:25:22,126 - INFO - Successfully fetched data for movie ID: 947
2025-08-15 10:25:22,328 - INFO - Successfully fetched data for movie ID: 595
2025-08-15 10:25:22,529 - INFO - Successfully fetched data for movie ID: 144
2025-08-15 10:25:22,732 - INFO - Successfully fetched data for movie ID: 1092
2025-08-15 10:25:22,933 - INFO - Successfully fetched data for movie ID: 175
2025-08-15 10:25:23,137 - INFO - Successfully fetched data for movie ID: 10835
2025-08-15 10:25:23,583 - INFO - Successfully fetched data for movie ID: 539
2025-08-15 10:25:23,784 - INFO - Successfully fetched data for movie ID: 240
2025-08-15 10:25:24,003 - INFO - Successfully fetched data for movie ID: 530
2025-08-15 10:25:24,209 - INFO - Successfully fetched data for movie ID: 3109
2025-08-15 10:25:24,411 - INFO - Successfully fetched data for movie ID: 1578
2025-08-15 10:25:24,612 - INFO - Successfully fetched data for movie ID: 703
2025-08-15 10:25:25,061 - INFO - Successfully fetched data for movie ID: 1398
2025-08-15 10:25:25,262 - INFO - Successfully fetched data for movie ID: 490
2025-08-15 10:25:25,464 - INFO - Successfully fetched data for movie ID: 11235
2025-08-15 10:25:25,671 - INFO - Successfully fetched data for movie ID: 18971
2025-08-15 10:25:25,873 - INFO - Successfully fetched data for movie ID: 696
2025-08-15 10:25:26,074 - INFO - Successfully fetched data for movie ID: 9322
2025-08-15 10:25:26,273 - INFO - Successfully fetched data for movie ID: 422
2025-08-15 10:25:26,489 - INFO - Successfully fetched data for movie ID: 3063
2025-08-15 10:25:26,690 - INFO - Successfully fetched data for movie ID: 13667
2025-08-15 10:25:26,894 - INFO - Successfully fetched data for movie ID: 832
2025-08-15 10:25:27,096 - INFO - Successfully fetched data for movie ID: 4485
2025-08-15 10:25:27,298 - INFO - Successfully fetched data for movie ID: 33
2025-08-15 10:25:27,521 - INFO - Successfully fetched data for movie ID: 8428
2025-08-15 10:25:27,723 - INFO - Successfully fetched data for movie ID: 105
2025-08-15 10:25:27,924 - INFO - Successfully fetched data for movie ID: 1554
2025-08-15 10:25:28,126 - INFO - Successfully fetched data for movie ID: 11673
2025-08-15 10:25:28,326 - INFO - Successfully fetched data for movie ID: 3034
2025-08-15 10:25:28,528 - INFO - Successfully fetched data for movie ID: 10404
2025-08-15 10:25:28,730 - INFO - Successfully fetched data for movie ID: 756
2025-08-15 10:25:28,933 - INFO - Successfully fetched data for movie ID: 910
2025-08-15 10:25:29,132 - INFO - Successfully fetched data for movie ID: 2640
2025-08-15 10:25:29,425 - INFO - Successfully fetched data for movie ID: 11314
2025-08-15 10:25:29,634 - INFO - Successfully fetched data for movie ID: 15143
2025-08-15 10:25:29,855 - INFO - Successfully fetched data for movie ID: 89
2025-08-15 10:25:30,056 - INFO - Successfully fetched data for movie ID: 10322
2025-08-15 10:25:30,256 - INFO - Successfully fetched data for movie ID: 14370
2025-08-15 10:25:30,458 - INFO - Successfully fetched data for movie ID: 8816
2025-08-15 10:25:30,658 - INFO - Successfully fetched data for movie ID: 2323
2025-08-15 10:25:30,859 - INFO - Successfully fetched data for movie ID: 983
2025-08-15 10:25:31,067 - INFO - Successfully fetched data for movie ID: 266022
2025-08-15 10:25:31,287 - INFO - Successfully fetched data for movie ID: 168450
2025-08-15 10:25:31,489 - INFO - Successfully fetched data for movie ID: 30180
2025-08-15 10:25:31,688 - INFO - Successfully fetched data for movie ID: 31388
2025-08-15 10:25:31,889 - INFO - Successfully fetched data for movie ID: 41801
2025-08-15 10:25:32,090 - INFO - Successfully fetched data for movie ID: 66034
2025-08-15 10:25:32,291 - INFO - Successfully fetched data for movie ID: 348138
2025-08-15 10:25:32,497 - INFO - Successfully fetched data for movie ID: 96288
2025-08-15 10:25:32,696 - INFO - Successfully fetched data for movie ID: 61536
2025-08-15 10:25:32,897 - INFO - Successfully fetched data for movie ID: 18762
2025-08-15 10:25:33,098 - INFO - Successfully fetched data for movie ID: 331367
2025-08-15 10:25:33,579 - INFO - Successfully fetched data for movie ID: 41671
2025-08-15 10:25:34,023 - INFO - Successfully fetched data for movie ID: 27214
2025-08-15 10:25:34,227 - INFO - Successfully fetched data for movie ID: 52263
2025-08-15 10:25:34,469 - INFO - Successfully fetched data for movie ID: 16235
2025-08-15 10:25:34,669 - INFO - Successfully fetched data for movie ID: 11449
2025-08-15 10:25:34,879 - INFO - Successfully fetched data for movie ID: 41848
2025-08-15 10:25:35,113 - INFO - Successfully fetched data for movie ID: 25944
2025-08-15 10:25:35,332 - INFO - Successfully fetched data for movie ID: 49126
2025-08-15 10:25:35,775 - INFO - Successfully fetched data for movie ID: 32076
2025-08-15 10:25:35,982 - INFO - Successfully fetched data for movie ID: 32146
2025-08-15 10:25:36,433 - INFO - Successfully fetched data for movie ID: 30346
2025-08-15 10:25:36,636 - INFO - Successfully fetched data for movie ID: 13549
2025-08-15 10:25:36,840 - INFO - Successfully fetched data for movie ID: 1598
2025-08-15 10:25:37,040 - INFO - Successfully fetched data for movie ID: 11349
2025-08-15 10:25:37,245 - INFO - Successfully fetched data for movie ID: 6217
2025-08-15 10:25:37,451 - INFO - Successfully fetched data for movie ID: 653
2025-08-15 10:25:37,651 - INFO - Successfully fetched data for movie ID: 28198
2025-08-15 10:25:38,105 - INFO - Successfully fetched data for movie ID: 25189
2025-08-15 10:25:38,308 - INFO - Successfully fetched data for movie ID: 145
2025-08-15 10:25:38,508 - INFO - Successfully fetched data for movie ID: 2212
2025-08-15 10:25:38,709 - INFO - Successfully fetched data for movie ID: 7863
2025-08-15 10:25:38,913 - INFO - Successfully fetched data for movie ID: 53234
2025-08-15 10:25:39,114 - INFO - Successfully fetched data for movie ID: 17204
2025-08-15 10:25:39,321 - INFO - Successfully fetched data for movie ID: 199512
2025-08-15 10:25:39,594 - INFO - Successfully fetched data for movie ID: 64900
2025-08-15 10:25:39,800 - INFO - Successfully fetched data for movie ID: 9086
2025-08-15 10:25:40,002 - INFO - Successfully fetched data for movie ID: 9037
2025-08-15 10:25:40,206 - INFO - Successfully fetched data for movie ID: 55687
2025-08-15 10:25:40,423 - INFO - Successfully fetched data for movie ID: 168535
2025-08-15 10:25:40,635 - INFO - Successfully fetched data for movie ID: 46681
2025-08-15 10:25:40,839 - INFO - Successfully fetched data for movie ID: 17795
2025-08-15 10:25:41,040 - INFO - Successfully fetched data for movie ID: 75
2025-08-15 10:25:41,241 - INFO - Successfully fetched data for movie ID: 10896
2025-08-15 10:25:41,443 - INFO - Successfully fetched data for movie ID: 2322
2025-08-15 10:25:41,644 - INFO - Successfully fetched data for movie ID: 41240
2025-08-15 10:25:42,154 - INFO - Successfully fetched data for movie ID: 26949
2025-08-15 10:25:42,355 - INFO - Successfully fetched data for movie ID: 49799
2025-08-15 10:25:42,555 - INFO - Successfully fetched data for movie ID: 31908
2025-08-15 10:25:42,779 - INFO - Successfully fetched data for movie ID: 46027
2025-08-15 10:25:42,979 - INFO - Successfully fetched data for movie ID: 1802
2025-08-15 10:25:43,180 - INFO - Successfully fetched data for movie ID: 2928
2025-08-15 10:25:43,383 - INFO - Successfully fetched data for movie ID: 30285
2025-08-15 10:25:43,582 - INFO - Successfully fetched data for movie ID: 10549
2025-08-15 10:25:43,783 - INFO - Successfully fetched data for movie ID: 58102
2025-08-15 10:25:43,984 - INFO - Successfully fetched data for movie ID: 27265
2025-08-15 10:25:44,185 - INFO - Successfully fetched data for movie ID: 49935
2025-08-15 10:25:44,635 - INFO - Successfully fetched data for movie ID: 36758
2025-08-15 10:25:44,836 - INFO - Successfully fetched data for movie ID: 36040
2025-08-15 10:25:45,062 - INFO - Successfully fetched data for movie ID: 74239
2025-08-15 10:25:45,263 - INFO - Successfully fetched data for movie ID: 9415
2025-08-15 10:25:45,715 - INFO - Successfully fetched data for movie ID: 303693
2025-08-15 10:25:45,917 - INFO - Successfully fetched data for movie ID: 12145
2025-08-15 10:25:46,119 - INFO - Successfully fetched data for movie ID: 42424
2025-08-15 10:25:46,320 - INFO - Successfully fetched data for movie ID: 2892
2025-08-15 10:25:46,521 - INFO - Successfully fetched data for movie ID: 9404
2025-08-15 10:25:46,788 - INFO - Successfully fetched data for movie ID: 85242
2025-08-15 10:25:47,226 - INFO - Successfully fetched data for movie ID: 9622
2025-08-15 10:25:47,665 - INFO - Successfully fetched data for movie ID: 197537
2025-08-15 10:25:47,864 - INFO - Successfully fetched data for movie ID: 66597
2025-08-15 10:25:48,068 - INFO - Successfully fetched data for movie ID: 14832
2025-08-15 10:25:48,271 - INFO - Successfully fetched data for movie ID: 40506
2025-08-15 10:25:48,472 - INFO - Successfully fetched data for movie ID: 31000
2025-08-15 10:25:48,677 - INFO - Successfully fetched data for movie ID: 4104
2025-08-15 10:25:48,880 - INFO - Successfully fetched data for movie ID: 203829
2025-08-15 10:25:49,082 - INFO - Successfully fetched data for movie ID: 43775
2025-08-15 10:25:49,284 - INFO - Successfully fetched data for movie ID: 14908
2025-08-15 10:25:49,485 - INFO - Successfully fetched data for movie ID: 784
2025-08-15 10:25:49,685 - INFO - Successfully fetched data for movie ID: 12489
2025-08-15 10:25:49,887 - INFO - Successfully fetched data for movie ID: 168283
2025-08-15 10:25:50,106 - INFO - Successfully fetched data for movie ID: 16448
2025-08-15 10:25:50,307 - INFO - Successfully fetched data for movie ID: 55936
2025-08-15 10:25:51,156 - INFO - Successfully fetched data for movie ID: 17894
2025-08-15 10:25:51,356 - INFO - Successfully fetched data for movie ID: 28059
2025-08-15 10:25:52,135 - INFO - Successfully fetched data for movie ID: 58911
2025-08-15 10:25:52,337 - INFO - Successfully fetched data for movie ID: 17949
2025-08-15 10:25:52,538 - INFO - Successfully fetched data for movie ID: 1968
2025-08-15 10:25:52,741 - INFO - Successfully fetched data for movie ID: 61563
2025-08-15 10:25:52,941 - INFO - Successfully fetched data for movie ID: 20735
2025-08-15 10:25:53,141 - INFO - Successfully fetched data for movie ID: 333165
2025-08-15 10:25:53,342 - INFO - Successfully fetched data for movie ID: 25796
2025-08-15 10:25:53,543 - INFO - Successfully fetched data for movie ID: 25624
2025-08-15 10:25:53,986 - INFO - Successfully fetched data for movie ID: 60083
2025-08-15 10:25:54,216 - INFO - Successfully fetched data for movie ID: 21915
2025-08-15 10:25:54,416 - INFO - Successfully fetched data for movie ID: 90928
2025-08-15 10:25:54,616 - INFO - Successfully fetched data for movie ID: 50091
2025-08-15 10:25:54,819 - INFO - Successfully fetched data for movie ID: 9446
2025-08-15 10:25:55,030 - INFO - Successfully fetched data for movie ID: 27322
2025-08-15 10:25:55,231 - INFO - Successfully fetched data for movie ID: 10003
2025-08-15 10:25:55,431 - INFO - Successfully fetched data for movie ID: 9311
2025-08-15 10:25:55,634 - INFO - Successfully fetched data for movie ID: 11844
2025-08-15 10:25:55,836 - INFO - Successfully fetched data for movie ID: 884
2025-08-15 10:25:56,036 - INFO - Successfully fetched data for movie ID: 49806
2025-08-15 10:25:56,260 - INFO - Successfully fetched data for movie ID: 88423
2025-08-15 10:25:56,492 - INFO - Successfully fetched data for movie ID: 4477
2025-08-15 10:25:56,692 - INFO - Successfully fetched data for movie ID: 18423
2025-08-15 10:25:56,895 - INFO - Successfully fetched data for movie ID: 76996
2025-08-15 10:25:57,336 - INFO - Successfully fetched data for movie ID: 6499
2025-08-15 10:25:57,536 - INFO - Successfully fetched data for movie ID: 50512
2025-08-15 10:25:57,803 - INFO - Successfully fetched data for movie ID: 12723
2025-08-15 10:25:58,003 - INFO - Successfully fetched data for movie ID: 9360
2025-08-15 10:25:58,204 - INFO - Successfully fetched data for movie ID: 9434
2025-08-15 10:25:58,407 - INFO - Successfully fetched data for movie ID: 118991
2025-08-15 10:25:58,608 - INFO - Successfully fetched data for movie ID: 21626
2025-08-15 10:25:58,810 - INFO - Successfully fetched data for movie ID: 13982
2025-08-15 10:25:59,010 - INFO - Successfully fetched data for movie ID: 93946
2025-08-15 10:25:59,211 - INFO - Successfully fetched data for movie ID: 31465
2025-08-15 10:25:59,413 - INFO - Successfully fetched data for movie ID: 12793
2025-08-15 10:25:59,615 - INFO - Successfully fetched data for movie ID: 102878
2025-08-15 10:25:59,816 - INFO - Successfully fetched data for movie ID: 105763
2025-08-15 10:26:00,022 - INFO - Successfully fetched data for movie ID: 9611
2025-08-15 10:26:00,224 - INFO - Successfully fetched data for movie ID: 47694
2025-08-15 10:26:00,425 - INFO - Successfully fetched data for movie ID: 9977
2025-08-15 10:26:00,628 - INFO - Successfully fetched data for movie ID: 816
2025-08-15 10:26:01,066 - INFO - Successfully fetched data for movie ID: 124680
2025-08-15 10:26:01,266 - INFO - Successfully fetched data for movie ID: 16399
2025-08-15 10:26:01,466 - INFO - Successfully fetched data for movie ID: 124843
2025-08-15 10:26:01,734 - INFO - Successfully fetched data for movie ID: 31017
2025-08-15 10:26:01,936 - INFO - Successfully fetched data for movie ID: 24645
2025-08-15 10:26:02,138 - INFO - Successfully fetched data for movie ID: 49478
2025-08-15 10:26:02,337 - INFO - Successfully fetched data for movie ID: 68545
2025-08-15 10:26:02,777 - INFO - Successfully fetched data for movie ID: 1811
2025-08-15 10:26:02,980 - INFO - Successfully fetched data for movie ID: 109614
2025-08-15 10:26:03,207 - INFO - Successfully fetched data for movie ID: 60082
2025-08-15 10:26:03,408 - INFO - Successfully fetched data for movie ID: 53023
2025-08-15 10:26:03,608 - INFO - Successfully fetched data for movie ID: 11239
2025-08-15 10:26:03,810 - INFO - Successfully fetched data for movie ID: 50850
2025-08-15 10:26:04,012 - INFO - Successfully fetched data for movie ID: 15321
2025-08-15 10:26:04,213 - INFO - Successfully fetched data for movie ID: 2058
2025-08-15 10:26:04,415 - INFO - Successfully fetched data for movie ID: 9450
2025-08-15 10:26:04,616 - INFO - Successfully fetched data for movie ID: 125021
2025-08-15 10:26:04,816 - INFO - Successfully fetched data for movie ID: 38523
2025-08-15 10:26:05,086 - INFO - Successfully fetched data for movie ID: 16375
2025-08-15 10:26:05,287 - INFO - Successfully fetched data for movie ID: 33660
2025-08-15 10:26:05,512 - INFO - Successfully fetched data for movie ID: 59232
2025-08-15 10:26:05,733 - INFO - Successfully fetched data for movie ID: 45671
2025-08-15 10:26:05,933 - INFO - Successfully fetched data for movie ID: 17770
2025-08-15 10:26:06,133 - INFO - Successfully fetched data for movie ID: 15170
2025-08-15 10:26:06,333 - INFO - Successfully fetched data for movie ID: 201445
2025-08-15 10:26:06,533 - INFO - Successfully fetched data for movie ID: 26422
2025-08-15 10:26:06,760 - INFO - Successfully fetched data for movie ID: 124642
2025-08-15 10:26:06,961 - INFO - Successfully fetched data for movie ID: 106129
2025-08-15 10:26:07,241 - INFO - Successfully fetched data for movie ID: 291634
2025-08-15 10:26:07,463 - INFO - Successfully fetched data for movie ID: 107743
2025-08-15 10:26:07,968 - INFO - Successfully fetched data for movie ID: 415
2025-08-15 10:26:08,171 - INFO - Successfully fetched data for movie ID: 47686
2025-08-15 10:26:08,372 - INFO - Successfully fetched data for movie ID: 65889
2025-08-15 10:26:08,836 - INFO - Successfully fetched data for movie ID: 11103
2025-08-15 10:26:09,062 - INFO - Successfully fetched data for movie ID: 34941
2025-08-15 10:26:09,264 - INFO - Successfully fetched data for movie ID: 407992
2025-08-15 10:26:09,478 - INFO - Successfully fetched data for movie ID: 17991
2025-08-15 10:26:09,680 - INFO - Successfully fetched data for movie ID: 11956
2025-08-15 10:26:09,881 - INFO - Successfully fetched data for movie ID: 37567
2025-08-15 10:26:10,082 - INFO - Successfully fetched data for movie ID: 43771
2025-08-15 10:26:10,283 - INFO - Successfully fetched data for movie ID: 124834
2025-08-15 10:26:10,484 - INFO - Successfully fetched data for movie ID: 249358
2025-08-15 10:26:10,687 - INFO - Successfully fetched data for movie ID: 111367
2025-08-15 10:26:10,888 - INFO - Successfully fetched data for movie ID: 18080
2025-08-15 10:26:11,090 - INFO - Successfully fetched data for movie ID: 38225
2025-08-15 10:26:11,291 - INFO - Successfully fetched data for movie ID: 17834
2025-08-15 10:26:11,492 - INFO - Successfully fetched data for movie ID: 65046
2025-08-15 10:26:11,958 - INFO - Successfully fetched data for movie ID: 9387
2025-08-15 10:26:12,162 - INFO - Successfully fetched data for movie ID: 2142
2025-08-15 10:26:12,362 - INFO - Successfully fetched data for movie ID: 10336
2025-08-15 10:26:12,564 - INFO - Successfully fetched data for movie ID: 14585
2025-08-15 10:26:12,766 - INFO - Successfully fetched data for movie ID: 18519
2025-08-15 10:26:13,207 - INFO - Successfully fetched data for movie ID: 49462
2025-08-15 10:26:13,410 - INFO - Successfully fetched data for movie ID: 37244
2025-08-15 10:26:13,610 - INFO - Successfully fetched data for movie ID: 4961
2025-08-15 10:26:13,810 - INFO - Successfully fetched data for movie ID: 9416
2025-08-15 10:26:14,013 - INFO - Successfully fetched data for movie ID: 26180
2025-08-15 10:26:14,212 - INFO - Successfully fetched data for movie ID: 17832
2025-08-15 10:26:14,413 - INFO - Successfully fetched data for movie ID: 32519
2025-08-15 10:26:14,614 - INFO - Successfully fetched data for movie ID: 108401
2025-08-15 10:26:14,887 - INFO - Successfully fetched data for movie ID: 9433
2025-08-15 10:26:15,089 - INFO - Successfully fetched data for movie ID: 9437
2025-08-15 10:26:15,290 - INFO - Successfully fetched data for movie ID: 29461
2025-08-15 10:26:15,491 - INFO - Successfully fetched data for movie ID: 56651
2025-08-15 10:26:15,756 - INFO - Successfully fetched data for movie ID: 66588
2025-08-15 10:26:16,207 - INFO - Successfully fetched data for movie ID: 75250
2025-08-15 10:26:16,409 - INFO - Successfully fetched data for movie ID: 20457
2025-08-15 10:26:16,609 - INFO - Successfully fetched data for movie ID: 18355
2025-08-15 10:26:16,811 - INFO - Successfully fetched data for movie ID: 33657
2025-08-15 10:26:17,013 - INFO - Successfully fetched data for movie ID: 55306
2025-08-15 10:26:17,214 - INFO - Successfully fetched data for movie ID: 36434
2025-08-15 10:26:17,415 - INFO - Successfully fetched data for movie ID: 28353
2025-08-15 10:26:17,618 - INFO - Successfully fetched data for movie ID: 172545
2025-08-15 10:26:17,821 - INFO - Successfully fetched data for movie ID: 17589
2025-08-15 10:26:18,288 - INFO - Successfully fetched data for movie ID: 25099
2025-08-15 10:26:18,728 - INFO - Successfully fetched data for movie ID: 45019
2025-08-15 10:26:19,169 - INFO - Successfully fetched data for movie ID: 63437
2025-08-15 10:26:19,618 - INFO - Successfully fetched data for movie ID: 62422
2025-08-15 10:26:19,819 - INFO - Successfully fetched data for movie ID: 29911
2025-08-15 10:26:20,259 - INFO - Successfully fetched data for movie ID: 9827
2025-08-15 10:26:20,709 - INFO - Successfully fetched data for movie ID: 1959
2025-08-15 10:26:20,908 - INFO - Successfully fetched data for movie ID: 251481
2025-08-15 10:26:21,109 - INFO - Successfully fetched data for movie ID: 125052
2025-08-15 10:26:21,309 - INFO - Successfully fetched data for movie ID: 45153
2025-08-15 10:26:21,748 - INFO - Successfully fetched data for movie ID: 14398
2025-08-15 10:26:21,948 - INFO - Successfully fetched data for movie ID: 99002
2025-08-15 10:26:22,149 - INFO - Successfully fetched data for movie ID: 32332
2025-08-15 10:26:22,353 - INFO - Successfully fetched data for movie ID: 34838
2025-08-15 10:26:22,558 - INFO - Successfully fetched data for movie ID: 14905
2025-08-15 10:26:23,008 - INFO - Successfully fetched data for movie ID: 14583
2025-08-15 10:26:23,213 - INFO - Successfully fetched data for movie ID: 4995
2025-08-15 10:26:23,415 - INFO - Successfully fetched data for movie ID: 45928
2025-08-15 10:26:23,620 - INFO - Successfully fetched data for movie ID: 61337
2025-08-15 10:26:23,821 - INFO - Successfully fetched data for movie ID: 31535
2025-08-15 10:26:24,085 - INFO - Successfully fetched data for movie ID: 45609
2025-08-15 10:26:24,287 - INFO - Successfully fetched data for movie ID: 38904
2025-08-15 10:26:24,567 - INFO - Successfully fetched data for movie ID: 45565
2025-08-15 10:26:24,773 - INFO - Successfully fetched data for movie ID: 29938
2025-08-15 10:26:24,972 - INFO - Successfully fetched data for movie ID: 39177
2025-08-15 10:26:25,173 - INFO - Successfully fetched data for movie ID: 19601
